<?xml version="1.0" encoding="UTF-8"?>
<testsuite xmlns:xsi="http://www.w3.org/2001/XMLSchema-instance" xsi:noNamespaceSchemaLocation="https://maven.apache.org/surefire/maven-surefire-plugin/xsd/surefire-test-report-3.0.xsd" version="3.0" name="BFTTest" time="2.472" tests="1" errors="0" skipped="0" failures="0">
  <properties>
    <property name="java.specification.version" value="17"/>
    <property name="sun.jnu.encoding" value="UTF-8"/>
    <property name="java.class.path" value="/home/rodrigo/Documents/Faculdade/SEC/SEC_DepChain/target/test-classes:/home/rodrigo/Documents/Faculdade/SEC/SEC_DepChain/target/classes:/home/rodrigo/.m2/repository/org/junit/jupiter/junit-jupiter-api/5.10.0/junit-jupiter-api-5.10.0.jar:/home/rodrigo/.m2/repository/org/opentest4j/opentest4j/1.3.0/opentest4j-1.3.0.jar:/home/rodrigo/.m2/repository/org/junit/platform/junit-platform-commons/1.10.0/junit-platform-commons-1.10.0.jar:/home/rodrigo/.m2/repository/org/apiguardian/apiguardian-api/1.1.2/apiguardian-api-1.1.2.jar:/home/rodrigo/.m2/repository/org/junit/jupiter/junit-jupiter-engine/5.10.0/junit-jupiter-engine-5.10.0.jar:/home/rodrigo/.m2/repository/org/junit/platform/junit-platform-engine/1.10.0/junit-platform-engine-1.10.0.jar:"/>
    <property name="java.vm.vendor" value="Eclipse Adoptium"/>
    <property name="sun.arch.data.model" value="64"/>
    <property name="java.vendor.url" value="https://adoptium.net/"/>
    <property name="user.country.format" value="PT"/>
    <property name="os.name" value="Linux"/>
    <property name="java.vm.specification.version" value="17"/>
    <property name="sun.java.launcher" value="SUN_STANDARD"/>
    <property name="user.country" value="US"/>
    <property name="sun.boot.library.path" value="/opt/jdk-17.0.10+7/lib"/>
    <property name="sun.java.command" value="/home/rodrigo/Documents/Faculdade/SEC/SEC_DepChain/target/surefire/surefirebooter-20250314173405326_3.jar /home/rodrigo/Documents/Faculdade/SEC/SEC_DepChain/target/surefire 2025-03-14T17-34-05_257-jvmRun1 surefire-20250314173405326_1tmp surefire_0-20250314173405326_2tmp"/>
    <property name="jdk.debug" value="release"/>
    <property name="surefire.test.class.path" value="/home/rodrigo/Documents/Faculdade/SEC/SEC_DepChain/target/test-classes:/home/rodrigo/Documents/Faculdade/SEC/SEC_DepChain/target/classes:/home/rodrigo/.m2/repository/org/junit/jupiter/junit-jupiter-api/5.10.0/junit-jupiter-api-5.10.0.jar:/home/rodrigo/.m2/repository/org/opentest4j/opentest4j/1.3.0/opentest4j-1.3.0.jar:/home/rodrigo/.m2/repository/org/junit/platform/junit-platform-commons/1.10.0/junit-platform-commons-1.10.0.jar:/home/rodrigo/.m2/repository/org/apiguardian/apiguardian-api/1.1.2/apiguardian-api-1.1.2.jar:/home/rodrigo/.m2/repository/org/junit/jupiter/junit-jupiter-engine/5.10.0/junit-jupiter-engine-5.10.0.jar:/home/rodrigo/.m2/repository/org/junit/platform/junit-platform-engine/1.10.0/junit-platform-engine-1.10.0.jar:"/>
    <property name="sun.cpu.endian" value="little"/>
    <property name="user.home" value="/home/rodrigo"/>
    <property name="user.language" value="en"/>
    <property name="java.specification.vendor" value="Oracle Corporation"/>
    <property name="java.version.date" value="2024-01-16"/>
    <property name="java.home" value="/opt/jdk-17.0.10+7"/>
    <property name="file.separator" value="/"/>
    <property name="basedir" value="/home/rodrigo/Documents/Faculdade/SEC/SEC_DepChain"/>
    <property name="java.vm.compressedOopsMode" value="Zero based"/>
    <property name="line.separator" value="&#10;"/>
    <property name="java.specification.name" value="Java Platform API Specification"/>
    <property name="java.vm.specification.vendor" value="Oracle Corporation"/>
    <property name="surefire.real.class.path" value="/home/rodrigo/Documents/Faculdade/SEC/SEC_DepChain/target/surefire/surefirebooter-20250314173405326_3.jar"/>
    <property name="sun.management.compiler" value="HotSpot 64-Bit Tiered Compilers"/>
    <property name="java.runtime.version" value="17.0.10+7"/>
    <property name="user.name" value="rodrigo"/>
    <property name="path.separator" value=":"/>
    <property name="os.version" value="6.8.0-52-generic"/>
    <property name="java.runtime.name" value="OpenJDK Runtime Environment"/>
    <property name="file.encoding" value="UTF-8"/>
    <property name="java.vm.name" value="OpenJDK 64-Bit Server VM"/>
    <property name="java.vendor.version" value="Temurin-17.0.10+7"/>
    <property name="localRepository" value="/home/rodrigo/.m2/repository"/>
    <property name="java.vendor.url.bug" value="https://github.com/adoptium/adoptium-support/issues"/>
    <property name="java.io.tmpdir" value="/tmp"/>
    <property name="java.version" value="17.0.10"/>
    <property name="user.dir" value="/home/rodrigo/Documents/Faculdade/SEC/SEC_DepChain"/>
    <property name="os.arch" value="amd64"/>
    <property name="java.vm.specification.name" value="Java Virtual Machine Specification"/>
    <property name="user.language.format" value="pt"/>
    <property name="native.encoding" value="UTF-8"/>
    <property name="java.library.path" value="/usr/java/packages/lib:/usr/lib64:/lib64:/lib:/usr/lib"/>
    <property name="java.vm.info" value="mixed mode, sharing"/>
    <property name="java.vendor" value="Eclipse Adoptium"/>
    <property name="java.vm.version" value="17.0.10+7"/>
    <property name="sun.io.unicode.encoding" value="UnicodeLittle"/>
    <property name="java.class.version" value="61.0"/>
  </properties>
  <testcase name="testBFTProtocol" classname="BFTTest" time="2.453">
    <system-out><![CDATA[[BFT Leader] Initialized.
[BFT Server] server0 initialized.
Leader1 started.
[Receiver] Waiting for packet...
[server0] started.
[Receiver] Waiting for packet...
[Client] Sending message: TestMessage
[Sender] Preparing message: TestMessage
[Sender] Signing message...
[Sender] Sending message to 127.0.1.1:7001
[Sender] Waiting for ACK...
[Sender] Waiting for ACK with timeout 8000ms...
[Receiver] Received packet from 127.0.0.1:47833
[Receiver] Verifying signature...
[Receiver] Signature verified.
[Receiver] Checking for duplicate message...
[Receiver] Message is not duplicated.
[Receiver] Sending ACK...
[Receiver] Sending ACK to 127.0.0.1:47833
[Sender] ACK received.
[Receiver] Processing message: TestMessage
[Sender] Received ACK from 127.0.0.1:7001
[Sender] Message sent successfully.
[server0] Received client message: TestMessage
[server0] Forwarding message to leader: TestMessage::jSyjvjCXifDW/yMWXGbOGVMKu7/ZVAugHDSoHkZQLABzeIV1GvIb5EELtA2Hnubhw8KQn2dBmC20iShPKjpwQKplSm9Q5JvHyw37kvIQmgu0XRO0rMNIpFcKeGIpkKI3e3xbZQ65rUZLRyTmjsVS09mfRTLkLe9ZR+rpj4CiqKxpg5eWltnkCwfviJZF5+67F4lDI3+dVTHLFjMoEKlpQnyIojQDRighHpBk6l+c5mZPDQ7kqwh0lsIFbzD+kzjsRO79cVodF2EZ8cBK/0EpG4/iFfnZgxkM8F41mpTZ2ya2YYmjpJTkuk89Oj1I6NVO65Nf62UKcztbzzL3QFsz9A==
[Sender] Preparing message: TestMessage::jSyjvjCXifDW/yMWXGbOGVMKu7/ZVAugHDSoHkZQLABzeIV1GvIb5EELtA2Hnubhw8KQn2dBmC20iShPKjpwQKplSm9Q5JvHyw37kvIQmgu0XRO0rMNIpFcKeGIpkKI3e3xbZQ65rUZLRyTmjsVS09mfRTLkLe9ZR+rpj4CiqKxpg5eWltnkCwfviJZF5+67F4lDI3+dVTHLFjMoEKlpQnyIojQDRighHpBk6l+c5mZPDQ7kqwh0lsIFbzD+kzjsRO79cVodF2EZ8cBK/0EpG4/iFfnZgxkM8F41mpTZ2ya2YYmjpJTkuk89Oj1I6NVO65Nf62UKcztbzzL3QFsz9A==
[Sender] Signing message...
[Sender] Sending message to 127.0.0.1:8000
[Sender] Waiting for ACK...
[Sender] Waiting for ACK with timeout 8000ms...
[Receiver] Received packet from 127.0.0.1:8000
[Receiver] Verifying signature...
[Receiver] Signature verified.
[Receiver] Checking for duplicate message...
[Receiver] Message is not duplicated.
[Receiver] Sending ACK...
[Receiver] Sending ACK to 127.0.0.1:8000
[Receiver] Processing message: TestMessage::jSyjvjCXifDW/yMWXGbOGVMKu7/ZVAugHDSoHkZQLABzeIV1GvIb5EELtA2Hnubhw8KQn2dBmC20iShPKjpwQKplSm9Q5JvHyw37kvIQmgu0XRO0rMNIpFcKeGIpkKI3e3xbZQ65rUZLRyTmjsVS09mfRTLkLe9ZR+rpj4CiqKxpg5eWltnkCwfviJZF5+67F4lDI3+dVTHLFjMoEKlpQnyIojQDRighHpBk6l+c5mZPDQ7kqwh0lsIFbzD+kzjsRO79cVodF2EZ8cBK/0EpG4/iFfnZgxkM8F41mpTZ2ya2YYmjpJTkuk89Oj1I6NVO65Nf62UKcztbzzL3QFsz9A==
[Sender] ACK received.
[Sender] Received ACK from 127.0.0.1:8000
[Sender] Message sent successfully.
[server0] Waiting for leader's decision...
[Receiver] Waiting for packet...
[Collector] Message collected for condition: VALUE
[Leader] Appended value to blockchain: TestMessage (timestamp: 1)
[Leader] Broadcasting decision: TestMessage
[Sender] Preparing message: DECIDE::TestMessage::1
[Sender] Signing message...
[Sender] Sending message to 127.0.0.1:8000
[Sender] Waiting for ACK...
[Sender] Waiting for ACK with timeout 8000ms...
[Receiver] Received packet from 127.0.0.1:8000
[Receiver] Verifying signature...
[Receiver] Signature verified.
[Receiver] Checking for duplicate message...
[Receiver] Message is not duplicated.
[Receiver] Sending ACK...
[Receiver] Sending ACK to 127.0.0.1:8000
[Receiver] Processing message: DECIDE::TestMessage::1
[Sender] ACK received.
[Sender] Received ACK from 127.0.0.1:8000
[Sender] Message sent successfully.
[server0] Received decision from leader: TestMessage

[Final Results]
Leader blockchain: [TestMessage]
Server0 blockchain: [TestMessage]
]]></system-out>
  </testcase>
</testsuite>